2020-02-12T17:49:34,599 [main] INFO  (AbstractTestContextBootstrapper.java:308) - Neither @ContextConfiguration nor @ContextHierarchy found for test class [com.springboottest.test.service.ServiceTest], using DelegatingSmartContextLoader
2020-02-12T17:49:34,609 [main] INFO  (AbstractContextLoader.java:264) - Could not detect default resource locations for test class [com.springboottest.test.service.ServiceTest]: no resource found for suffixes {-context.xml}.
2020-02-12T17:49:34,621 [main] INFO  (AnnotationConfigContextLoaderUtils.java:83) - Could not detect default configuration classes for test class [com.springboottest.test.service.ServiceTest]: ServiceTest does not declare any static, non-private, non-final, nested classes annotated with @Configuration.
2020-02-12T17:49:34,728 [main] INFO  (AbstractTestContextBootstrapper.java:248) - Loaded default TestExecutionListener class names from location [META-INF/spring.factories]: [org.springframework.boot.test.mock.mockito.MockitoTestExecutionListener, org.springframework.boot.test.mock.mockito.ResetMocksTestExecutionListener, org.springframework.boot.test.autoconfigure.restdocs.RestDocsTestExecutionListener, org.springframework.boot.test.autoconfigure.web.client.MockRestServiceServerResetTestExecutionListener, org.springframework.boot.test.autoconfigure.web.servlet.MockMvcPrintOnlyOnFailureTestExecutionListener, org.springframework.boot.test.autoconfigure.web.servlet.WebDriverTestExecutionListener, org.springframework.test.context.web.ServletTestExecutionListener, org.springframework.test.context.support.DirtiesContextBeforeModesTestExecutionListener, org.springframework.test.context.support.DependencyInjectionTestExecutionListener, org.springframework.test.context.support.DirtiesContextTestExecutionListener, org.springframework.test.context.transaction.TransactionalTestExecutionListener, org.springframework.test.context.jdbc.SqlScriptsTestExecutionListener]
2020-02-12T17:49:34,754 [main] INFO  (AbstractTestContextBootstrapper.java:177) - Using TestExecutionListeners: [org.springframework.test.context.web.ServletTestExecutionListener@6b6776cb, org.springframework.test.context.support.DirtiesContextBeforeModesTestExecutionListener@1863d2fe, org.springframework.boot.test.mock.mockito.MockitoTestExecutionListener@1787bc24, org.springframework.test.context.support.DependencyInjectionTestExecutionListener@544d57e, org.springframework.test.context.support.DirtiesContextTestExecutionListener@55c53a33, org.springframework.test.context.transaction.TransactionalTestExecutionListener@53b7f657, org.springframework.test.context.jdbc.SqlScriptsTestExecutionListener@797b0699, org.springframework.boot.test.mock.mockito.ResetMocksTestExecutionListener@5a37d3ed, org.springframework.boot.test.autoconfigure.restdocs.RestDocsTestExecutionListener@26df6e3a, org.springframework.boot.test.autoconfigure.web.client.MockRestServiceServerResetTestExecutionListener@4a3631f8, org.springframework.boot.test.autoconfigure.web.servlet.MockMvcPrintOnlyOnFailureTestExecutionListener@6b58b9e9, org.springframework.boot.test.autoconfigure.web.servlet.WebDriverTestExecutionListener@f14a7d4]
2020-02-12T17:49:35,366 [main] INFO  (ServDao.java:38) - Request to user service: Post User id: 1 User name: Maksim User email: maksim@mail.com
2020-02-12T17:49:35,375 [main] INFO  (ServDao.java:52) - Request to user service: Update 1 user to User id: 2 User name: Dima User email: dima@mail.com
2020-02-12T17:49:35,380 [main] INFO  (ServDao.java:31) - Request to user service: Get 3 user
2020-02-12T17:49:35,385 [main] INFO  (ServDao.java:24) - Request to user service: Get all users
2020-02-12T17:49:35,385 [main] INFO  (ServDao.java:24) - Request to user service: Get all users
2020-02-12T17:49:35,390 [main] INFO  (ServDao.java:45) - Request to user service: Delete 1 user
2020-02-12T17:49:42,912 [main] INFO  (AbstractTestContextBootstrapper.java:308) - Neither @ContextConfiguration nor @ContextHierarchy found for test class [com.springboottest.test.controller.ControllerTest], using DelegatingSmartContextLoader
2020-02-12T17:49:42,930 [main] INFO  (AbstractContextLoader.java:264) - Could not detect default resource locations for test class [com.springboottest.test.controller.ControllerTest]: no resource found for suffixes {-context.xml}.
2020-02-12T17:49:42,931 [main] INFO  (AnnotationConfigContextLoaderUtils.java:83) - Could not detect default configuration classes for test class [com.springboottest.test.controller.ControllerTest]: ControllerTest does not declare any static, non-private, non-final, nested classes annotated with @Configuration.
2020-02-12T17:49:42,993 [main] INFO  (AbstractTestContextBootstrapper.java:248) - Loaded default TestExecutionListener class names from location [META-INF/spring.factories]: [org.springframework.boot.test.mock.mockito.MockitoTestExecutionListener, org.springframework.boot.test.mock.mockito.ResetMocksTestExecutionListener, org.springframework.boot.test.autoconfigure.restdocs.RestDocsTestExecutionListener, org.springframework.boot.test.autoconfigure.web.client.MockRestServiceServerResetTestExecutionListener, org.springframework.boot.test.autoconfigure.web.servlet.MockMvcPrintOnlyOnFailureTestExecutionListener, org.springframework.boot.test.autoconfigure.web.servlet.WebDriverTestExecutionListener, org.springframework.test.context.web.ServletTestExecutionListener, org.springframework.test.context.support.DirtiesContextBeforeModesTestExecutionListener, org.springframework.test.context.support.DependencyInjectionTestExecutionListener, org.springframework.test.context.support.DirtiesContextTestExecutionListener, org.springframework.test.context.transaction.TransactionalTestExecutionListener, org.springframework.test.context.jdbc.SqlScriptsTestExecutionListener]
2020-02-12T17:49:43,021 [main] INFO  (AbstractTestContextBootstrapper.java:177) - Using TestExecutionListeners: [org.springframework.test.context.web.ServletTestExecutionListener@53b7f657, org.springframework.test.context.support.DirtiesContextBeforeModesTestExecutionListener@797b0699, org.springframework.boot.test.mock.mockito.MockitoTestExecutionListener@5a37d3ed, org.springframework.test.context.support.DependencyInjectionTestExecutionListener@26df6e3a, org.springframework.test.context.support.DirtiesContextTestExecutionListener@4a3631f8, org.springframework.test.context.transaction.TransactionalTestExecutionListener@6b58b9e9, org.springframework.test.context.jdbc.SqlScriptsTestExecutionListener@f14a7d4, org.springframework.boot.test.mock.mockito.ResetMocksTestExecutionListener@52e7a6b2, org.springframework.boot.test.autoconfigure.restdocs.RestDocsTestExecutionListener@29a5f4e7, org.springframework.boot.test.autoconfigure.web.client.MockRestServiceServerResetTestExecutionListener@79c97cb, org.springframework.boot.test.autoconfigure.web.servlet.MockMvcPrintOnlyOnFailureTestExecutionListener@2d9caaeb, org.springframework.boot.test.autoconfigure.web.servlet.WebDriverTestExecutionListener@42a15bdc]
2020-02-12T17:49:43,932 [main] INFO  (Version.java:21) - HV000001: Hibernate Validator 6.0.18.Final
2020-02-12T17:49:44,139 [main] INFO  (MockServletContext.java:455) - Initializing Spring TestDispatcherServlet ''
2020-02-12T17:49:44,140 [main] INFO  (FrameworkServlet.java:525) - Initializing Servlet ''
2020-02-12T17:49:44,141 [main] INFO  (FrameworkServlet.java:547) - Completed initialization in 1 ms
2020-02-12T17:49:44,234 [main] INFO  (UserController.java:47) - Attempt to post Ilia users
2020-02-12T17:49:44,270 [main] INFO  (MockServletContext.java:455) - Initializing Spring TestDispatcherServlet ''
2020-02-12T17:49:44,271 [main] INFO  (FrameworkServlet.java:525) - Initializing Servlet ''
2020-02-12T17:49:44,271 [main] INFO  (FrameworkServlet.java:547) - Completed initialization in 0 ms
2020-02-12T17:49:44,272 [main] INFO  (UserController.java:30) - Attempt to get all users
2020-02-12T17:49:44,295 [main] INFO  (MockServletContext.java:455) - Initializing Spring TestDispatcherServlet ''
2020-02-12T17:49:44,295 [main] INFO  (FrameworkServlet.java:525) - Initializing Servlet ''
2020-02-12T17:49:44,295 [main] INFO  (FrameworkServlet.java:547) - Completed initialization in 0 ms
2020-02-12T17:49:44,300 [main] INFO  (UserController.java:55) - Attempt to update 1 users
2020-02-12T17:49:44,318 [main] INFO  (MockServletContext.java:455) - Initializing Spring TestDispatcherServlet ''
2020-02-12T17:49:44,319 [main] INFO  (FrameworkServlet.java:525) - Initializing Servlet ''
2020-02-12T17:49:44,319 [main] INFO  (FrameworkServlet.java:547) - Completed initialization in 0 ms
2020-02-12T17:49:44,320 [main] INFO  (UserController.java:39) - Attempt to get 1 users
2020-02-12T17:49:44,377 [main] INFO  (MockServletContext.java:455) - Initializing Spring TestDispatcherServlet ''
2020-02-12T17:49:44,378 [main] INFO  (FrameworkServlet.java:525) - Initializing Servlet ''
2020-02-12T17:49:44,378 [main] INFO  (FrameworkServlet.java:547) - Completed initialization in 0 ms
2020-02-12T17:49:44,379 [main] INFO  (UserController.java:68) - Attempt to delete 1 users
2020-02-12T17:50:28,490 [main] INFO  (AbstractTestContextBootstrapper.java:308) - Neither @ContextConfiguration nor @ContextHierarchy found for test class [com.springboottest.test.controller.ControllerTest], using DelegatingSmartContextLoader
2020-02-12T17:50:28,501 [main] INFO  (AbstractContextLoader.java:264) - Could not detect default resource locations for test class [com.springboottest.test.controller.ControllerTest]: no resource found for suffixes {-context.xml}.
2020-02-12T17:50:28,502 [main] INFO  (AnnotationConfigContextLoaderUtils.java:83) - Could not detect default configuration classes for test class [com.springboottest.test.controller.ControllerTest]: ControllerTest does not declare any static, non-private, non-final, nested classes annotated with @Configuration.
2020-02-12T17:50:28,569 [main] INFO  (AbstractTestContextBootstrapper.java:248) - Loaded default TestExecutionListener class names from location [META-INF/spring.factories]: [org.springframework.boot.test.mock.mockito.MockitoTestExecutionListener, org.springframework.boot.test.mock.mockito.ResetMocksTestExecutionListener, org.springframework.boot.test.autoconfigure.restdocs.RestDocsTestExecutionListener, org.springframework.boot.test.autoconfigure.web.client.MockRestServiceServerResetTestExecutionListener, org.springframework.boot.test.autoconfigure.web.servlet.MockMvcPrintOnlyOnFailureTestExecutionListener, org.springframework.boot.test.autoconfigure.web.servlet.WebDriverTestExecutionListener, org.springframework.test.context.web.ServletTestExecutionListener, org.springframework.test.context.support.DirtiesContextBeforeModesTestExecutionListener, org.springframework.test.context.support.DependencyInjectionTestExecutionListener, org.springframework.test.context.support.DirtiesContextTestExecutionListener, org.springframework.test.context.transaction.TransactionalTestExecutionListener, org.springframework.test.context.jdbc.SqlScriptsTestExecutionListener]
2020-02-12T17:50:28,580 [main] INFO  (AbstractTestContextBootstrapper.java:177) - Using TestExecutionListeners: [org.springframework.test.context.web.ServletTestExecutionListener@53b7f657, org.springframework.test.context.support.DirtiesContextBeforeModesTestExecutionListener@797b0699, org.springframework.boot.test.mock.mockito.MockitoTestExecutionListener@5a37d3ed, org.springframework.test.context.support.DependencyInjectionTestExecutionListener@26df6e3a, org.springframework.test.context.support.DirtiesContextTestExecutionListener@4a3631f8, org.springframework.test.context.transaction.TransactionalTestExecutionListener@6b58b9e9, org.springframework.test.context.jdbc.SqlScriptsTestExecutionListener@f14a7d4, org.springframework.boot.test.mock.mockito.ResetMocksTestExecutionListener@52e7a6b2, org.springframework.boot.test.autoconfigure.restdocs.RestDocsTestExecutionListener@29a5f4e7, org.springframework.boot.test.autoconfigure.web.client.MockRestServiceServerResetTestExecutionListener@79c97cb, org.springframework.boot.test.autoconfigure.web.servlet.MockMvcPrintOnlyOnFailureTestExecutionListener@2d9caaeb, org.springframework.boot.test.autoconfigure.web.servlet.WebDriverTestExecutionListener@42a15bdc]
2020-02-12T17:50:29,463 [main] INFO  (Version.java:21) - HV000001: Hibernate Validator 6.0.18.Final
2020-02-12T17:50:29,608 [main] INFO  (MockServletContext.java:455) - Initializing Spring TestDispatcherServlet ''
2020-02-12T17:50:29,608 [main] INFO  (FrameworkServlet.java:525) - Initializing Servlet ''
2020-02-12T17:50:29,610 [main] INFO  (FrameworkServlet.java:547) - Completed initialization in 1 ms
2020-02-12T17:50:29,701 [main] INFO  (UserController.java:47) - Attempt to post Ilia users
2020-02-12T17:50:29,729 [main] INFO  (MockServletContext.java:455) - Initializing Spring TestDispatcherServlet ''
2020-02-12T17:50:29,729 [main] INFO  (FrameworkServlet.java:525) - Initializing Servlet ''
2020-02-12T17:50:29,730 [main] INFO  (FrameworkServlet.java:547) - Completed initialization in 1 ms
2020-02-12T17:50:29,730 [main] INFO  (UserController.java:30) - Attempt to get all users
2020-02-12T17:50:29,752 [main] INFO  (MockServletContext.java:455) - Initializing Spring TestDispatcherServlet ''
2020-02-12T17:50:29,752 [main] INFO  (FrameworkServlet.java:525) - Initializing Servlet ''
2020-02-12T17:50:29,752 [main] INFO  (FrameworkServlet.java:547) - Completed initialization in 0 ms
2020-02-12T17:50:29,757 [main] INFO  (UserController.java:55) - Attempt to update 1 users
2020-02-12T17:50:29,776 [main] INFO  (MockServletContext.java:455) - Initializing Spring TestDispatcherServlet ''
2020-02-12T17:50:29,776 [main] INFO  (FrameworkServlet.java:525) - Initializing Servlet ''
2020-02-12T17:50:29,776 [main] INFO  (FrameworkServlet.java:547) - Completed initialization in 0 ms
2020-02-12T17:50:29,777 [main] INFO  (UserController.java:39) - Attempt to get 1 users
2020-02-12T17:50:29,820 [main] INFO  (MockServletContext.java:455) - Initializing Spring TestDispatcherServlet ''
2020-02-12T17:50:29,820 [main] INFO  (FrameworkServlet.java:525) - Initializing Servlet ''
2020-02-12T17:50:29,820 [main] INFO  (FrameworkServlet.java:547) - Completed initialization in 0 ms
2020-02-12T17:50:29,822 [main] INFO  (UserController.java:68) - Attempt to delete 1 users
